<?xml version="1.0" encoding="UTF-8"?>
<testng-results ignored="0" total="1" passed="1" failed="0" skipped="0">
  <reporter-output>
  </reporter-output>
  <suite started-at="2021-04-06T00:06:52 CEST" name="Default suite" finished-at="2021-04-06T00:06:55 CEST" duration-ms="2674">
    <groups>
    </groups>
    <test started-at="2021-04-06T00:06:52 CEST" name="Default test" finished-at="2021-04-06T00:06:55 CEST" duration-ms="2674">
      <class name="com.alasdoo.developercourseassignment.test.ScreenshotTest">
        <test-method is-config="true" signature="setUp()[pri:0, instance:com.alasdoo.developercourseassignment.test.ScreenshotTest@7c0c77c7]" started-at="2021-04-06T00:06:52 CEST" name="setUp" finished-at="2021-04-06T00:06:54 CEST" duration-ms="2084" status="PASS">
          <reporter-output>
          </reporter-output>
        </test-method> <!-- setUp -->
        <test-method signature="takeScreenshotTest()[pri:0, instance:com.alasdoo.developercourseassignment.test.ScreenshotTest@7c0c77c7]" started-at="2021-04-06T00:06:54 CEST" name="takeScreenshotTest" finished-at="2021-04-06T00:06:54 CEST" duration-ms="6" status="PASS">
          <reporter-output>
          </reporter-output>
        </test-method> <!-- takeScreenshotTest -->
        <test-method is-config="true" signature="tearDown()[pri:0, instance:com.alasdoo.developercourseassignment.test.ScreenshotTest@7c0c77c7]" started-at="2021-04-06T00:06:55 CEST" name="tearDown" finished-at="2021-04-06T00:06:55 CEST" duration-ms="78" status="PASS">
          <reporter-output>
          </reporter-output>
        </test-method> <!-- tearDown -->
      </class> <!-- com.alasdoo.developercourseassignment.test.ScreenshotTest -->
    </test> <!-- Default test -->
  </suite> <!-- Default suite -->
</testng-results>
